0    [main] INFO  com.ectworks.rhinowiki.Main  - start up.
74   [main] INFO  com.ectworks.rhinowiki.Main  - Loading: json2.js
96   [main] INFO  com.ectworks.rhinowiki.Main  - Loading: utils.js
104  [main] INFO  com.ectworks.rhinowiki.Main  - Loading: html-utils.js
105  [main] INFO  com.ectworks.rhinowiki.Main  - Loading: unit-tests.js
108  [main] INFO  com.ectworks.rhinowiki.Main  - Loading: repl.js
112  [main] INFO  com.ectworks.rhinowiki.Main  - Loading: resig-templates.js
114  [main] INFO  com.ectworks.rhinowiki.Main  - Loading: showdown.js
141  [main] INFO  com.ectworks.rhinowiki.Main  - Loading: context.js
146  [main] INFO  com.ectworks.rhinowiki.Main  - Loading: js-handler.js
152  [main] INFO  com.ectworks.rhinowiki.Main  - Loading: root-content.js
156  [main] INFO  com.ectworks.rhinowiki.Main  - Loading: points.js
159  [main] INFO  com.ectworks.rhinowiki.Main  - Loading: wiki.js
163  [main] INFO  JS  - Attempting to laod wiki page: Introduction
163  [main] INFO  JS  - Attempting to laod wiki page: Javagator
164  [main] INFO  JS  - Attempting to laod wiki page: Json2
165  [main] INFO  JS  - Attempting to laod wiki page: OptimizationLevel
169  [main] INFO  JS  - Attempting to laod wiki page: ResumableContinuations
170  [main] INFO  JS  - Attempting to laod wiki page: Rhino
171  [main] INFO  JS  - Attempting to laod wiki page: Showdown
172  [main] INFO  JS  - Attempting to laod wiki page: ThirdPartyLibraries
172  [main] INFO  com.ectworks.rhinowiki.Main  - Loading: defect.js
180  [main] INFO  com.ectworks.rhinowiki.Main  - Loading: defect-list.js
187  [main] INFO  com.ectworks.rhinowiki.Main  - Loading: mimetypes.js
192  [main] INFO  com.ectworks.rhinowiki.Main  - Loading: user-settings.js
193  [main] WARN  com.ectworks.rhinowiki.Main  - Cannot find JavaScript resource: user-settings.js
266  [main] INFO  com.ectworks.rhinowiki.server.Server  - Server is listening on port 8088
266  [main] INFO  JS  - Entering interactive operation mode
0    [main] INFO  com.ectworks.rhinowiki.Main  - start up.
70   [main] INFO  com.ectworks.rhinowiki.Main  - Loading: json2.js
93   [main] INFO  com.ectworks.rhinowiki.Main  - Loading: utils.js
103  [main] INFO  com.ectworks.rhinowiki.Main  - Loading: html-utils.js
105  [main] INFO  com.ectworks.rhinowiki.Main  - Loading: unit-tests.js
108  [main] INFO  com.ectworks.rhinowiki.Main  - Loading: repl.js
114  [main] INFO  com.ectworks.rhinowiki.Main  - Loading: resig-templates.js
116  [main] INFO  com.ectworks.rhinowiki.Main  - Loading: showdown.js
161  [main] INFO  com.ectworks.rhinowiki.Main  - Loading: context.js
168  [main] INFO  com.ectworks.rhinowiki.Main  - Loading: js-handler.js
171  [main] INFO  com.ectworks.rhinowiki.Main  - Loading: root-content.js
177  [main] INFO  com.ectworks.rhinowiki.Main  - Loading: points.js
182  [main] INFO  com.ectworks.rhinowiki.Main  - Loading: wiki.js
191  [main] INFO  JS  - Attempting to laod wiki page: Introduction
194  [main] INFO  JS  - Attempting to laod wiki page: Javagator
196  [main] INFO  JS  - Attempting to laod wiki page: Json2
198  [main] INFO  JS  - Attempting to laod wiki page: OptimizationLevel
203  [main] INFO  JS  - Attempting to laod wiki page: ResumableContinuations
205  [main] INFO  JS  - Attempting to laod wiki page: Rhino
208  [main] INFO  JS  - Attempting to laod wiki page: Showdown
209  [main] INFO  JS  - Attempting to laod wiki page: ThirdPartyLibraries
211  [main] INFO  com.ectworks.rhinowiki.Main  - Loading: defect.js
224  [main] INFO  com.ectworks.rhinowiki.Main  - Loading: defect-list.js
229  [main] INFO  com.ectworks.rhinowiki.Main  - Loading: mimetypes.js
233  [main] INFO  com.ectworks.rhinowiki.Main  - Loading: user-settings.js
234  [main] WARN  com.ectworks.rhinowiki.Main  - Cannot find JavaScript resource: user-settings.js
299  [main] INFO  com.ectworks.rhinowiki.server.Server  - Server is listening on port 8088
300  [main] INFO  JS  - Entering interactive operation mode
0    [main] INFO  com.ectworks.rhinowiki.Main  - start up.
101  [main] INFO  com.ectworks.rhinowiki.Main  - Loading: json2.js
131  [main] INFO  com.ectworks.rhinowiki.Main  - Loading: utils.js
142  [main] INFO  com.ectworks.rhinowiki.Main  - Loading: html-utils.js
144  [main] INFO  com.ectworks.rhinowiki.Main  - Loading: unit-tests.js
149  [main] INFO  com.ectworks.rhinowiki.Main  - Loading: repl.js
155  [main] INFO  com.ectworks.rhinowiki.Main  - Loading: resig-templates.js
157  [main] INFO  com.ectworks.rhinowiki.Main  - Loading: showdown.js
189  [main] INFO  com.ectworks.rhinowiki.Main  - Loading: context.js
196  [main] INFO  com.ectworks.rhinowiki.Main  - Loading: js-handler.js
209  [main] INFO  com.ectworks.rhinowiki.Main  - Loading: root-content.js
213  [main] INFO  com.ectworks.rhinowiki.Main  - Loading: points.js
217  [main] INFO  com.ectworks.rhinowiki.Main  - Loading: wiki.js
228  [main] INFO  JS  - Attempting to laod wiki page: Introduction
229  [main] INFO  JS  - Attempting to laod wiki page: Javagator
229  [main] INFO  JS  - Attempting to laod wiki page: Json2
230  [main] INFO  JS  - Attempting to laod wiki page: OptimizationLevel
231  [main] INFO  JS  - Attempting to laod wiki page: ResumableContinuations
232  [main] INFO  JS  - Attempting to laod wiki page: Rhino
236  [main] INFO  JS  - Attempting to laod wiki page: Showdown
237  [main] INFO  JS  - Attempting to laod wiki page: ThirdPartyLibraries
238  [main] INFO  com.ectworks.rhinowiki.Main  - Loading: defect.js
249  [main] INFO  com.ectworks.rhinowiki.Main  - Loading: defect-list.js
258  [main] INFO  com.ectworks.rhinowiki.Main  - Loading: mimetypes.js
271  [main] INFO  com.ectworks.rhinowiki.Main  - Loading: user-settings.js
272  [main] WARN  com.ectworks.rhinowiki.Main  - Cannot find JavaScript resource: user-settings.js
350  [main] INFO  com.ectworks.rhinowiki.server.Server  - Server is listening on port 8088
350  [main] INFO  JS  - Entering interactive operation mode
6776 [Thread-3] INFO  com.ectworks.rhinowiki.handlers.StandardExchange  - Created: [StandardExchange: GET @ ]
6777 [Thread-3] INFO  com.ectworks.rhinowiki.handlers.JSDelegateHandler  - Request: [StandardExchange: GET @ ]
6783 [Thread-3] INFO  JS  - Rendering in object style.
6804 [Thread-3] INFO  com.ectworks.rhinowiki.handlers.StandardExchange  - 200 - Ok: [StandardExchange: GET @ ]
6891 [Thread-3] INFO  com.ectworks.rhinowiki.handlers.StandardExchange  - Created: [StandardExchange: GET @ favicon.ico]
6891 [Thread-3] INFO  com.ectworks.rhinowiki.handlers.JSDelegateHandler  - Request: [StandardExchange: GET @ favicon.ico]
6892 [Thread-3] INFO  JS  - Rendering in object style.
6900 [Thread-3] INFO  com.ectworks.rhinowiki.handlers.StandardExchange  - 200 - Ok: [StandardExchange: GET @ favicon.ico]
17378 [Thread-3] INFO  com.ectworks.rhinowiki.handlers.StandardExchange  - Created: [StandardExchange: GET @ wiki]
17378 [Thread-3] INFO  com.ectworks.rhinowiki.handlers.JSDelegateHandler  - Request: [StandardExchange: GET @ wiki]
17378 [Thread-3] INFO  JS  - Context redirecting to: wiki/
17379 [Thread-3] INFO  com.ectworks.rhinowiki.handlers.StandardExchange  - 301 - Redirect: [StandardExchange: GET @ wiki] to wiki/
17382 [Thread-3] INFO  com.ectworks.rhinowiki.handlers.StandardExchange  - Created: [StandardExchange: GET @ wiki/]
17382 [Thread-3] INFO  com.ectworks.rhinowiki.handlers.JSDelegateHandler  - Request: [StandardExchange: GET @ wiki/]
17383 [Thread-3] INFO  JS  - Attempting to laod wiki page: 
17383 [Thread-3] WARN  com.ectworks.rhinowiki.Main  - Cannot find JavaScript resource: .wikipage
17383 [Thread-3] ERROR JS  - Could not laod wiki page from disk: 
17383 [Thread-3] INFO  JS  - Rendering in object style.
17390 [Thread-3] INFO  com.ectworks.rhinowiki.handlers.StandardExchange  - 200 - Ok: [StandardExchange: GET @ wiki/]
18711 [Thread-3] INFO  com.ectworks.rhinowiki.handlers.StandardExchange  - Created: [StandardExchange: GET @ wiki/Introduction]
18711 [Thread-3] INFO  com.ectworks.rhinowiki.handlers.JSDelegateHandler  - Request: [StandardExchange: GET @ wiki/Introduction]
18712 [Thread-3] INFO  JS  - Rendering in object style.
18738 [Thread-3] INFO  com.ectworks.rhinowiki.handlers.StandardExchange  - 200 - Ok: [StandardExchange: GET @ wiki/Introduction]
20595 [Thread-3] INFO  com.ectworks.rhinowiki.handlers.StandardExchange  - Created: [StandardExchange: GET @ wiki/TheoryOfOperation]
20596 [Thread-3] INFO  com.ectworks.rhinowiki.handlers.JSDelegateHandler  - Request: [StandardExchange: GET @ wiki/TheoryOfOperation]
20597 [Thread-3] INFO  JS  - Attempting to laod wiki page: TheoryOfOperation
20597 [Thread-3] WARN  com.ectworks.rhinowiki.Main  - Cannot find JavaScript resource: TheoryOfOperation.wikipage
20597 [Thread-3] ERROR JS  - Could not laod wiki page from disk: TheoryOfOperation
20598 [Thread-3] INFO  JS  - Rendering in object style.
20601 [Thread-3] INFO  com.ectworks.rhinowiki.handlers.StandardExchange  - 200 - Ok: [StandardExchange: GET @ wiki/TheoryOfOperation]
26807 [Thread-3] INFO  com.ectworks.rhinowiki.handlers.StandardExchange  - Created: [StandardExchange: GET @ wiki/JavaScript]
26807 [Thread-3] INFO  com.ectworks.rhinowiki.handlers.JSDelegateHandler  - Request: [StandardExchange: GET @ wiki/JavaScript]
26808 [Thread-3] INFO  JS  - Attempting to laod wiki page: JavaScript
26808 [Thread-3] WARN  com.ectworks.rhinowiki.Main  - Cannot find JavaScript resource: JavaScript.wikipage
26808 [Thread-3] ERROR JS  - Could not laod wiki page from disk: JavaScript
26809 [Thread-3] INFO  JS  - Rendering in object style.
26813 [Thread-3] INFO  com.ectworks.rhinowiki.handlers.StandardExchange  - 200 - Ok: [StandardExchange: GET @ wiki/JavaScript]
28879 [Thread-3] INFO  com.ectworks.rhinowiki.handlers.StandardExchange  - Created: [StandardExchange: GET @ wiki/ThirdPartyLibraries]
28879 [Thread-3] INFO  com.ectworks.rhinowiki.handlers.JSDelegateHandler  - Request: [StandardExchange: GET @ wiki/ThirdPartyLibraries]
28881 [Thread-3] INFO  JS  - Rendering in object style.
28912 [Thread-3] INFO  com.ectworks.rhinowiki.handlers.StandardExchange  - 200 - Ok: [StandardExchange: GET @ wiki/ThirdPartyLibraries]
